This is pdfTeX, Version 3.14159265-2.6-1.40.20 (MiKTeX 2.9.7250 64-bit) (preloaded format=pdflatex 2020.1.19)  22 JUN 2020 12:25
entering extended mode
**./document.tex
(document.tex
LaTeX2e <2019-10-01> patch level 3
("C:\Users\ASUS\AppData\Local\Programs\MiKTeX 2.9\tex/latex/base\book.cls"
Document Class: book 2019/10/25 v1.4k Standard LaTeX document class
("C:\Users\ASUS\AppData\Local\Programs\MiKTeX 2.9\tex/latex/base\bk10.clo"
File: bk10.clo 2019/10/25 v1.4k Standard LaTeX file (size option)
)
\c@part=\count80
\c@chapter=\count81
\c@section=\count82
\c@subsection=\count83
\c@subsubsection=\count84
\c@paragraph=\count85
\c@subparagraph=\count86
\c@figure=\count87
\c@table=\count88
\abovecaptionskip=\skip41
\belowcaptionskip=\skip42
\bibindent=\dimen102
)
("C:\Users\ASUS\AppData\Local\Programs\MiKTeX 2.9\tex/latex/amsmath\amsmath.sty
"
Package: amsmath 2019/11/16 v2.17d AMS math features
\@mathmargin=\skip43

For additional information on amsmath, use the `?' option.
("C:\Users\ASUS\AppData\Local\Programs\MiKTeX 2.9\tex/latex/amsmath\amstext.sty
"
Package: amstext 2000/06/29 v2.01 AMS text
 ("C:\Users\ASUS\AppData\Local\Programs\MiKTeX 2.9\tex/latex/amsmath\amsgen.sty
"
File: amsgen.sty 1999/11/30 v2.0 generic functions
\@emptytoks=\toks14
\ex@=\dimen103
))
("C:\Users\ASUS\AppData\Local\Programs\MiKTeX 2.9\tex/latex/amsmath\amsbsy.sty"
Package: amsbsy 1999/11/29 v1.2d Bold Symbols
\pmbraise@=\dimen104
) ("C:\Users\ASUS\AppData\Local\Programs\MiKTeX 2.9\tex/latex/amsmath\amsopn.st
y"
Package: amsopn 2016/03/08 v2.02 operator names
)
\inf@bad=\count89
LaTeX Info: Redefining \frac on input line 227.
\uproot@=\count90
\leftroot@=\count91
LaTeX Info: Redefining \overline on input line 389.
\classnum@=\count92
\DOTSCASE@=\count93
LaTeX Info: Redefining \ldots on input line 486.
LaTeX Info: Redefining \dots on input line 489.
LaTeX Info: Redefining \cdots on input line 610.
\Mathstrutbox@=\box27
\strutbox@=\box28
\big@size=\dimen105
LaTeX Font Info:    Redeclaring font encoding OML on input line 733.
LaTeX Font Info:    Redeclaring font encoding OMS on input line 734.
\macc@depth=\count94
\c@MaxMatrixCols=\count95
\dotsspace@=\muskip10
\c@parentequation=\count96
\dspbrk@lvl=\count97
\tag@help=\toks15
\row@=\count98
\column@=\count99
\maxfields@=\count100
\andhelp@=\toks16
\eqnshift@=\dimen106
\alignsep@=\dimen107
\tagshift@=\dimen108
\tagwidth@=\dimen109
\totwidth@=\dimen110
\lineht@=\dimen111
\@envbody=\toks17
\multlinegap=\skip44
\multlinetaggap=\skip45
\mathdisplay@stack=\toks18
LaTeX Info: Redefining \[ on input line 2858.
LaTeX Info: Redefining \] on input line 2859.
)
("C:\Users\ASUS\AppData\Local\Programs\MiKTeX 2.9\tex/latex/amsfonts\amsfonts.s
ty"
Package: amsfonts 2013/01/14 v3.01 Basic AMSFonts support
\symAMSa=\mathgroup4
\symAMSb=\mathgroup5
LaTeX Font Info:    Redeclaring math symbol \hbar on input line 98.
LaTeX Font Info:    Overwriting math alphabet `\mathfrak' in version `bold'
(Font)                  U/euf/m/n --> U/euf/b/n on input line 106.
)

LaTeX Warning: Unused global option(s):
    [20pt].

(document.aux)
\openout1 = `document.aux'.

LaTeX Font Info:    Checking defaults for OML/cmm/m/it on input line 6.
LaTeX Font Info:    ... okay on input line 6.
LaTeX Font Info:    Checking defaults for T1/cmr/m/n on input line 6.
LaTeX Font Info:    ... okay on input line 6.
LaTeX Font Info:    Checking defaults for OT1/cmr/m/n on input line 6.
LaTeX Font Info:    ... okay on input line 6.
LaTeX Font Info:    Checking defaults for OMS/cmsy/m/n on input line 6.
LaTeX Font Info:    ... okay on input line 6.
LaTeX Font Info:    Checking defaults for OMX/cmex/m/n on input line 6.
LaTeX Font Info:    ... okay on input line 6.
LaTeX Font Info:    Checking defaults for U/cmr/m/n on input line 6.
LaTeX Font Info:    ... okay on input line 6.
LaTeX Font Info:    Trying to load font information for U+msa on input line 8.

("C:\Users\ASUS\AppData\Local\Programs\MiKTeX 2.9\tex/latex/amsfonts\umsa.fd"
File: umsa.fd 2013/01/14 v3.01 AMS symbols A
)
LaTeX Font Info:    Trying to load font information for U+msb on input line 8.

("C:\Users\ASUS\AppData\Local\Programs\MiKTeX 2.9\tex/latex/amsfonts\umsb.fd"
File: umsb.fd 2013/01/14 v3.01 AMS symbols B
)
[1


{C:/Users/ASUS/AppData/Local/MiKTeX/2.9/pdftex/config/pdftex.map}]
Underfull \hbox (badness 10000) in paragraph at lines 38--41

 []


Underfull \hbox (badness 10000) in paragraph at lines 38--41

 []


Underfull \hbox (badness 10000) in paragraph at lines 42--53

 []


Underfull \hbox (badness 10000) in paragraph at lines 42--53

 []


Underfull \hbox (badness 10000) in paragraph at lines 42--53

 []


Underfull \hbox (badness 10000) in paragraph at lines 54--71

 []


Underfull \hbox (badness 10000) in paragraph at lines 54--71

 []


Underfull \hbox (badness 10000) in paragraph at lines 54--71

 []

[2] [3] (document.aux) ) 
Here is how much of TeX's memory you used:
 1002 strings out of 492484
 11777 string characters out of 3122054
 80504 words of memory out of 3000000
 5389 multiletter control sequences out of 15000+200000
 10636 words of font info for 42 fonts, out of 3000000 for 9000
 1141 hyphenation exceptions out of 8191
 30i,8n,27p,249b,189s stack positions out of 5000i,500n,10000p,200000b,50000s
<C:/Users/ASUS/AppData/Local/Programs/MiKTeX 2.9/fonts/
type1/public/amsfonts/cm/cmex10.pfb><C:/Users/ASUS/AppData/Local/Programs/MiKTe
X 2.9/fonts/type1/public/amsfonts/cm/cmmi10.pfb><C:/Users/ASUS/AppData/Local/Pr
ograms/MiKTeX 2.9/fonts/type1/public/amsfonts/cm/cmmi5.pfb><C:/Users/ASUS/AppDa
ta/Local/Programs/MiKTeX 2.9/fonts/type1/public/amsfonts/cm/cmmi7.pfb><C:/Users
/ASUS/AppData/Local/Programs/MiKTeX 2.9/fonts/type1/public/amsfonts/cm/cmr10.pf
b><C:/Users/ASUS/AppData/Local/Programs/MiKTeX 2.9/fonts/type1/public/amsfonts/
cm/cmr12.pfb><C:/Users/ASUS/AppData/Local/Programs/MiKTeX 2.9/fonts/type1/publi
c/amsfonts/cm/cmr17.pfb><C:/Users/ASUS/AppData/Local/Programs/MiKTeX 2.9/fonts/
type1/public/amsfonts/cm/cmr5.pfb><C:/Users/ASUS/AppData/Local/Programs/MiKTeX 
2.9/fonts/type1/public/amsfonts/cm/cmr7.pfb><C:/Users/ASUS/AppData/Local/Progra
ms/MiKTeX 2.9/fonts/type1/public/amsfonts/cm/cmsy10.pfb><C:/Users/ASUS/AppData/
Local/Programs/MiKTeX 2.9/fonts/type1/public/amsfonts/cm/cmsy5.pfb><C:/Users/AS
US/AppData/Local/Programs/MiKTeX 2.9/fonts/type1/public/amsfonts/cm/cmsy7.pfb><
C:/Users/ASUS/AppData/Local/Programs/MiKTeX 2.9/fonts/type1/public/amsfonts/sym
bols/msbm10.pfb>
Output written on document.pdf (3 pages, 133077 bytes).
PDF statistics:
 64 PDF objects out of 1000 (max. 8388607)
 0 named destinations out of 1000 (max. 500000)
 1 words of extra memory for PDF output out of 10000 (max. 10000000)

