This is pdfTeX, Version 3.14159265-2.6-1.40.20 (MiKTeX 2.9.7250 64-bit) (preloaded format=pdflatex 2020.1.19)  16 MAR 2020 09:47
entering extended mode
**./jarnalpaper.tex
(jarnalpaper.tex
LaTeX2e <2019-10-01> patch level 3
("C:\Users\ASUS\AppData\Local\Programs\MiKTeX 2.9\tex/latex/base\article.cls"
Document Class: article 2019/10/25 v1.4k Standard LaTeX document class
("C:\Users\ASUS\AppData\Local\Programs\MiKTeX 2.9\tex/latex/base\size10.clo"
File: size10.clo 2019/10/25 v1.4k Standard LaTeX file (size option)
)
\c@part=\count80
\c@section=\count81
\c@subsection=\count82
\c@subsubsection=\count83
\c@paragraph=\count84
\c@subparagraph=\count85
\c@figure=\count86
\c@table=\count87
\abovecaptionskip=\skip41
\belowcaptionskip=\skip42
\bibindent=\dimen102
)

LaTeX Warning: Unused global option(s):
    [9pt].

(jarnalpaper.aux)
\openout1 = `jarnalpaper.aux'.

LaTeX Font Info:    Checking defaults for OML/cmm/m/it on input line 4.
LaTeX Font Info:    ... okay on input line 4.
LaTeX Font Info:    Checking defaults for T1/cmr/m/n on input line 4.
LaTeX Font Info:    ... okay on input line 4.
LaTeX Font Info:    Checking defaults for OT1/cmr/m/n on input line 4.
LaTeX Font Info:    ... okay on input line 4.
LaTeX Font Info:    Checking defaults for OMS/cmsy/m/n on input line 4.
LaTeX Font Info:    ... okay on input line 4.
LaTeX Font Info:    Checking defaults for OMX/cmex/m/n on input line 4.
LaTeX Font Info:    ... okay on input line 4.
LaTeX Font Info:    Checking defaults for U/cmr/m/n on input line 4.
LaTeX Font Info:    ... okay on input line 4.

Underfull \hbox (badness 10000) in paragraph at lines 18--24

 []


Overfull \hbox (24.26572pt too wide) in paragraph at lines 18--24
\OT1/cmr/m/n/20.74 like Pikul-ski (2002) have-ques-tioned-suchquan-
 []


Overfull \hbox (53.70265pt too wide) in paragraph at lines 18--24
\OT1/cmr/m/n/20.74 tifi-ca-tion-inthe-for-mo-fau-to-mati-cread-abil-ityscoring
 []


Overfull \hbox (7.57599pt too wide) in paragraph at lines 18--24
\OT1/cmr/m/n/20.74 for-mu-las(36),theydo find-goodu-sein-dif-fer-ent
 []


Overfull \hbox (13.48868pt too wide) in paragraph at lines 18--24
\OT1/cmr/m/n/20.74 fields,includingbutnotlimited togra-da-tionof-
 []


Overfull \hbox (152.72081pt too wide) in paragraph at lines 18--24
\OT1/cmr/m/n/20.74 school-book-sat-d-if-fer-ent-gradelevels,andautomaticassessm
entof
 []


Overfull \hbox (316.1279pt too wide) in paragraph at lines 18--24
\OT1/cmr/m/n/20.74 books (Auk-er-man, 1965; Ay-o-dele, 2013;Spache,1953),medica
lprescriptions(Baker
 []


Overfull \hbox (6.91418pt too wide) in paragraph at lines 18--24
\OT1/cmr/m/n/20.74 and Taub,1983;Paasche-Orlow, Tay-lor, and
 []


Overfull \hbox (5.88902pt too wide) in paragraph at lines 18--24
\OT1/cmr/m/n/20.74 ofa-textmost-nat-u-ral-ly-de-volveson-the-mo-ti-va-
 []


Overfull \hbox (8.80727pt too wide) in paragraph at lines 18--24
\OT1/cmr/m/n/20.74 tio-nand-in-terestof the reader. Phys-i-cal char-
 []


Overfull \hbox (7.60576pt too wide) in paragraph at lines 18--24
\OT1/cmr/m/n/20.74 ti-bil-ity in pe-riph-eral vi-sion', `vis-i-bil-ity', `the
 []


Overfull \hbox (255.0044pt too wide) in paragraph at lines 18--24
\OT1/cmr/m/n/20.74 re-flexblink-tech-nique',`rateofwork'(i.e.speedofreading),`e
yemovements'and
 []


Overfull \hbox (3.50136pt too wide) in paragraph at lines 18--24
\OT1/cmr/m/n/20.74 1948; Lorge,1944; McLaugh-lin, 1969), such
 []


Overfull \hbox (25.12083pt too wide) in paragraph at lines 18--24
\OT1/cmr/m/n/20.74 that language-specific fea-tures{ such as parts-
 []


Overfull \hbox (2.83841pt too wide) in paragraph at lines 18--24
\OT1/cmr/m/n/20.74 nif-i-cantly af-fect read-abil-ity (Feng, Jan-sche,
 []


Overfull \hbox (6.16464pt too wide) in paragraph at lines 18--24
\OT1/cmr/m/n/20.74 French (Francois and Fa-iron, 2012; Hancke,
 []


Overfull \hbox (71.83551pt too wide) in paragraph at lines 18--24
\OT1/cmr/m/n/20.74 Va-j-jala, and Meur-ers,2012; Henry,1975; Pang,2006;
 []


Overfull \hbox (353.04561pt too wide) in paragraph at lines 18--24
\OT1/cmr/m/n/20.74 Schwartz, 1975;Wal-ters,1966;Yang,1970).Readabilityresearchi
nBengalistartedwiththe 
 []


Overfull \hbox (10.4082pt too wide) in paragraph at lines 18--24
\OT1/cmr/m/n/20.74 annotated ground truth data (Das and Roy-
 []


Overfull \hbox (6.96426pt too wide) in paragraph at lines 18--24
\OT1/cmr/m/n/20.74 neer-ing, Das and Roy-choud-hury's work was
 []


Overfull \hbox (20.70164pt too wide) in paragraph at lines 18--24
\OT1/cmr/m/n/20.74 stymied by the lack of a large enough dataset,
 []


Overfull \hbox (4.73885pt too wide) in paragraph at lines 18--24
\OT1/cmr/m/n/20.74 tech-nol-ogy (2012) and Is-lam, Rah-man, and
 []


Overfull \hbox (201.89641pt too wide) in paragraph at lines 18--24
\OT1/cmr/m/n/20.74 Mehler(2014)improvedthestateoftheartbyintroducingnovelfeatur
es,
 []


Overfull \hbox (20.60173pt too wide) in paragraph at lines 18--24
\OT1/cmr/m/n/20.74 enough human-annotated ground truth data. 
 []

[1

{C:/Users/ASUS/AppData/Local/MiKTeX/2.9/pdftex/config/pdftex.map}] [2]
[3] [4] [5]
Overfull \hbox (2.15001pt too wide) in paragraph at lines 26--39
\OT1/cmr/m/n/20.74 been pro-posed for En-glish (Dale and Chall,
 []


Overfull \hbox (16.61656pt too wide) in paragraph at lines 26--39
\OT1/cmr/m/n/20.74 1978; Lorge, 1944; McLaugh-lin, 1969). Most
 []


Overfull \hbox (1.89493pt too wide) in paragraph at lines 26--39
\OT1/cmr/m/n/20.74 of the clas-si-cal for-mu-las de-pend on surface-
 []


Overfull \hbox (17.126pt too wide) in paragraph at lines 26--39
\OT1/cmr/m/n/20.74 level fea-tures such as av-er-age sen-tence length
 []


Overfull \hbox (22.00862pt too wide) in paragraph at lines 26--39
\OT1/cmr/m/n/20.74 Pikul-ski af-firms what the In-ter-na-tional Read-
 []


Overfull \hbox (21.10013pt too wide) in paragraph at lines 26--39
\OT1/cmr/m/n/20.74 formed in En-glish, a few other high-resourced
 []


Overfull \hbox (10.87758pt too wide) in paragraph at lines 26--39
\OT1/cmr/m/n/20.74 tures for read-abil-ity clas-si-fi-ca-tion. Schwartz
 []


Overfull \hbox (1.84828pt too wide) in paragraph at lines 26--39
\OT1/cmr/m/n/20.74 Francois and Fa-iron (2012) pro-posed a new
 []


Overfull \hbox (3.66687pt too wide) in paragraph at lines 26--39
\OT1/cmr/m/n/20.74 Yang de-rived two read-abil-ity for-mu-las with
 []


Overfull \hbox (197.13716pt too wide) in paragraph at lines 26--39
\OT1/cmr/m/n/20.74 223ar-ti-cleswith-a-to-talof-morethan82,000wordsselectedfrom
children'
 []


Overfull \hbox (311.40808pt too wide) in paragraph at lines 26--39
\OT1/cmr/m/n/20.74 sbooks for-na-tiveChi-ne-ses-peak-ers-in-grades1to6(Yang,197
0).Applicationofartificial
 []


Overfull \hbox (236.94443pt too wide) in paragraph at lines 26--39
\OT1/cmr/m/n/20.74 tive-ness-in-read-abil-i-tyes-ti-ma-tion.Pang(2006)modelledC
hinesereadability
 []


Overfull \hbox (273.42451pt too wide) in paragraph at lines 26--39
\OT1/cmr/m/n/20.74 gres-sion,andfoundthatsupportvectorregressionoutperformedlin
earregression
 []


Overfull \hbox (8.53899pt too wide) in paragraph at lines 26--39
\OT1/cmr/m/n/20.74 netic pro-gram-ming (GP) for mod-elling Chi-
 []


Overfull \hbox (293.97993pt too wide) in paragraph at lines 26--39
\OT1/cmr/m/n/20.74 read-abil-i-tyindice-sex-ist.DasandRoychoudhury(2000)havestu
diedtheapplication
 []


Overfull \hbox (13.44315pt too wide) in paragraph at lines 26--39
\OT1/cmr/m/n/20.74 of read-abil-ity in-dices on Ben-gali texts. They
 []


Overfull \hbox (13.57372pt too wide) in paragraph at lines 26--39
\OT1/cmr/m/n/20.74 con-sid-ered the den-sity of poly-syl-labic words,
 []


Overfull \hbox (28.1792pt too wide) in paragraph at lines 26--39
\OT1/cmr/m/n/20.74 Ben-gali. Their dataset con-sisted of 16 human-
 []


Overfull \hbox (4.78885pt too wide) in paragraph at lines 26--39
\OT1/cmr/m/n/20.74 word (ASW), num-ber of poly-syl-labic words
 []


Overfull \hbox (23.09404pt too wide) in paragraph at lines 26--39
\OT1/cmr/m/n/20.74 takkhors (JUK). They iden-ti-fied AWL, PSW,
 []


Overfull \hbox (0.29512pt too wide) in paragraph at lines 26--39
\OT1/cmr/m/n/20.74 gories of fea-tures; lex-i-cal fea-tures, entropy-
 []


Overfull \hbox (5.33052pt too wide) in paragraph at lines 26--39
\OT1/cmr/m/n/20.74 terms of Fs-core) in Ben-gali read-abil-ity clas-
 []


Overfull \hbox (285.35947pt too wide) in paragraph at lines 26--39
\OT1/cmr/m/n/20.74 clas-si-fi-ca-tion. Regressioncanaffordacontinuousresponseva
riablewhereasmulti-
 []


Overfull \hbox (11.62775pt too wide) in paragraph at lines 26--39
\OT1/cmr/m/n/20.74 crete la-bels. In read-abil-ity mod-elling, there-
 []


Overfull \hbox (17.2577pt too wide) in paragraph at lines 26--39
\OT1/cmr/m/n/20.74 fore, we feelthatthere-gres-sion-set-tingisamore-
 []


Overfull \hbox (2.56836pt too wide) in paragraph at lines 26--39
\OT1/cmr/m/n/20.74 ap-pro-pri-at-e-choicethanthe-classification set-
 []


Overfull \hbox (11.95686pt too wide) in paragraph at lines 26--39
\OT1/cmr/m/n/20.74 able-wascre-at-ed-by-tak-ingth-e-meanofthe-se-sev-
 []


Overfull \hbox (8.6406pt too wide) in paragraph at lines 26--39
\OT1/cmr/m/n/20.74 endis-creteratings. While all the above stud-
 []


Overfull \hbox (63.74126pt too wide) in paragraph at lines 26--39
\OT1/cmr/m/n/20.74 ment study-isvery-im-por-tantwhen-wetalk-a-boutread-
 []


Overfull \hbox (276.76338pt too wide) in paragraph at lines 26--39
\OT1/cmr/m/n/20.74 abil-ityassess-ment.Further,none ofthesestudiesmadeavailable
theirreadability-
 []


Overfull \hbox (71.25597pt too wide) in paragraph at lines 26--39
\OT1/cmr/m/n/20.74 annotatedgoldstandarddatasets, there-bystymieing-
 []


Overfull \hbox (108.99287pt too wide) in paragraph at lines 26--39
\OT1/cmr/m/n/20.74 fur-ther-re-search.Weattempttobridgethesegapsinourwork 
 []


Underfull \hbox (badness 10000) in paragraph at lines 26--39

 []


Overfull \hbox (5.06047pt too wide) in paragraph at lines 26--39
\OT1/cmr/m/n/20.74 tive and about 30 mil-lion non-native speak-
 []


Overfull \hbox (21.34457pt too wide) in paragraph at lines 26--39
\OT1/cmr/m/n/20.74 (`Lan-guage Dif-fi-culty Rank-ing' [n.d.]). Three
 []


Overfull \hbox (11.00333pt too wide) in paragraph at lines 26--39
\OT1/cmr/m/n/20.74 coun-tries { In-dia, Bangladesh and Sri Lanka
 []


Overfull \hbox (0.12296pt too wide) in paragraph at lines 26--39
\OT1/cmr/m/n/20.74 (com-pound char-ac-ters), `sandhi' (pho-netic
 []


Overfull \hbox (6.53076pt too wide) in paragraph at lines 26--39
\OT1/cmr/m/n/20.74 specific fea-tures such as mor-pho-log-i-cal vari-
 []


Underfull \hbox (badness 10000) in paragraph at lines 26--39

 []


Underfull \hbox (badness 10000) in paragraph at lines 26--39

 []

[6] [7] [8] [9] [10] [11] [12] [13] [14] [15]

LaTeX Warning: Citation `jaman' on page 16 undefined on input line 42.


Overfull \hbox (8.27614pt too wide) in paragraph at lines 40--44
\OT1/cmr/m/n/20.74 Bengali be-ing an under-resourced lan-guage,
 []


Overfull \hbox (4.19365pt too wide) in paragraph at lines 40--44
\OT1/cmr/m/n/20.74 ized cor-pora and lan-guage pro-cess-ing tools.
 []


Overfull \hbox (37.12141pt too wide) in paragraph at lines 40--44
\OT1/cmr/m/n/20.74 Bankim Chan-dra Chat-topad-hyay (1838{1894),
 []


Overfull \hbox (33.16238pt too wide) in paragraph at lines 40--44
\OT1/cmr/m/n/20.74 Bib-hutib-hushan Bandy-opad-hyay (1894{1950),
 []


Overfull \hbox (18.70132pt too wide) in paragraph at lines 40--44
\OT1/cmr/m/n/20.74 Ra-bindranath Tagore (1861{1941) and Sarat
 []


Overfull \hbox (8.68065pt too wide) in paragraph at lines 40--44
\OT1/cmr/m/n/20.74 Chan-dra Chat-topad-hyay (1876{1938). The
 []


Overfull \hbox (233.56233pt too wide) in paragraph at lines 40--44
\OT1/cmr/m/n/20.74 Wesampled30randompassagesfromtheworksofthe4litterateurs.Pass
ages
 []


Overfull \hbox (2.39839pt too wide) in paragraph at lines 40--44
\OT1/cmr/m/n/20.74 were-care-full-y-s-e-lect-ed-toen-surethatth-ey-cov-
 []


Overfull \hbox (178.95721pt too wide) in paragraph at lines 40--44
\OT1/cmr/m/n/20.74 er-a-ture,fromnovelstoshortstoriestoarticles.Sampledpassages
were
 []


Overfull \hbox (5.95512pt too wide) in paragraph at lines 40--44
\OT1/cmr/m/n/20.74 four fe-males) for read-abil-ity judg-ment. An-
 []


Overfull \hbox (36.59135pt too wide) in paragraph at lines 40--44
\OT1/cmr/m/n/20.74 of the same aca-demic back-ground and-sameage-
 []


Overfull \hbox (134.41747pt too wide) in paragraph at lines 40--44
\OT1/cmr/m/n/20.74 group(between30and35years)andallofthemwereavidreaders
 []


Overfull \hbox (260.27045pt too wide) in paragraph at lines 40--44
\OT1/cmr/m/n/20.74 of-Ben-galilit-er-a-ture.Annotatorswererequiredtoratethepass
agesonthebasisof
 []


Underfull \hbox (badness 10000) in paragraph at lines 40--44

 []

[16] [17]
LaTeX Font Info:    External font `cmex10' loaded for size
(Font)              <20.74> on input line 47.
LaTeX Font Info:    External font `cmex10' loaded for size
(Font)              <14.4> on input line 47.
LaTeX Font Info:    External font `cmex10' loaded for size
(Font)              <12> on input line 47.

Overfull \hbox (404.05652pt too wide) in paragraph at lines 46--66
[] 
 []


Underfull \hbox (badness 10000) in paragraph at lines 46--66

 []


Underfull \hbox (badness 10000) in paragraph at lines 46--66

 []


Underfull \hbox (badness 10000) in paragraph at lines 46--66

 []


Overfull \hbox (12.4519pt too wide) in paragraph at lines 67--76
\OT1/cmr/m/n/20.74 both sadhu bhasha and cholit bhasha, main-
 []


Underfull \hbox (badness 10000) in paragraph at lines 67--76

 []


Underfull \hbox (badness 10000) in paragraph at lines 67--76

 []


Overfull \hbox (65.04485pt too wide) in paragraph at lines 67--76
\OT1/cmr/m/n/20.74 Beforeproceedingtomodelgenerationastudyofinter-
 []


Overfull \hbox (2.33667pt too wide) in paragraph at lines 67--76
\OT1/cmr/m/n/20.74 annotator agree-ment-be-tween-ther-ater-swas-
 []


Overfull \hbox (27.05624pt too wide) in paragraph at lines 67--76
\OT1/cmr/m/n/20.74 done.Onthebasisofratingsgivenbytheseven an-
 []


Overfull \hbox (14.21663pt too wide) in paragraph at lines 67--76
\OT1/cmr/m/n/20.74 re-spect to Ben-gali read-abil-ity scor-ing. Mean
 []


Overfull \hbox (1.91823pt too wide) in paragraph at lines 67--76
\OT1/cmr/m/n/20.74 rat-ings were then used for read-abil-ity mod-
 []


Underfull \hbox (badness 10000) in paragraph at lines 67--76

 []


Underfull \hbox (badness 10000) in paragraph at lines 67--76

 []

[18] [19]
Underfull \hbox (badness 10000) in paragraph at lines 77--83

 []

Runaway argument?
{\settowidth \labelwidth {\@biblabel {
! Paragraph ended before \list was complete.
<to be read again> 
                   \par 
l.85 	
      
I suspect you've forgotten a `}', causing me to apply this
control sequence to too much text. How can we recover?
My plan is to forget the whole thing and hope for the best.

! Extra }, or forgotten \endgroup.
\thebibliography ...h \labelwidth {\@biblabel {#1}
                                                  }\leftmargin \labelwidth \...
l.85 	
      
I've deleted a group-closing symbol because it seems to be
spurious, as in `$x}$'. But perhaps the } is legitimate and
you forgot something else, as in `\hbox{$x}'. In such cases
the way to recover is to insert both the forgotten and the
deleted material, e.g., by typing `I$}'.

! Extra }, or forgotten \endgroup.
\thebibliography ... \labelwidth {\@biblabel {#1}}
                                                  \leftmargin \labelwidth \a...
l.85 	
      
I've deleted a group-closing symbol because it seems to be
spurious, as in `$x}$'. But perhaps the } is legitimate and
you forgot something else, as in `\hbox{$x}'. In such cases
the way to recover is to insert both the forgotten and the
deleted material, e.g., by typing `I$}'.

! Extra }, or forgotten \endgroup.
\thebibliography ...eenumiv {\@arabic \c@enumiv }}
                                                  \sloppy \clubpenalty 4000 ...
l.85 	
      
I've deleted a group-closing symbol because it seems to be
spurious, as in `$x}$'. But perhaps the } is legitimate and
you forgot something else, as in `\hbox{$x}'. In such cases
the way to recover is to insert both the forgotten and the
deleted material, e.g., by typing `I$}'.


! LaTeX Error: Lonely \item--perhaps a missing list environment.

See the LaTeX manual or LaTeX Companion for explanation.
Type  H <return>  for immediate help.
 ...                                              
                                                  
l.86 \bibitem{A}
                
Try typing  <return>  to proceed.
If that doesn't work, type  X <return>  to quit.


! LaTeX Error: Lonely \item--perhaps a missing list environment.

See the LaTeX manual or LaTeX Companion for explanation.
Type  H <return>  for immediate help.
 ...                                              
                                                  
l.88 \bibitem{B}
                
Try typing  <return>  to proceed.
If that doesn't work, type  X <return>  to quit.


! LaTeX Error: Lonely \item--perhaps a missing list environment.

See the LaTeX manual or LaTeX Companion for explanation.
Type  H <return>  for immediate help.
 ...                                              
                                                  
l.91         \bibitem{C}
                        
Try typing  <return>  to proceed.
If that doesn't work, type  X <return>  to quit.


! LaTeX Error: Lonely \item--perhaps a missing list environment.

See the LaTeX manual or LaTeX Companion for explanation.
Type  H <return>  for immediate help.
 ...                                              
                                                  
l.93         \bibitem{D}
                        
Try typing  <return>  to proceed.
If that doesn't work, type  X <return>  to quit.

[20] (jarnalpaper.aux)

LaTeX Warning: There were undefined references.

 ) 
Here is how much of TeX's memory you used:
 243 strings out of 492484
 2732 string characters out of 3122054
 77344 words of memory out of 3000000
 4670 multiletter control sequences out of 15000+200000
 7301 words of font info for 26 fonts, out of 3000000 for 9000
 1141 hyphenation exceptions out of 8191
 25i,6n,20p,2267b,138s stack positions out of 5000i,500n,10000p,200000b,50000s
<C:/Users/ASUS/AppData/Local/Programs/MiKTeX 2.9/fonts/type1/public/amsfonts/
cm/cmbx12.pfb><C:/Users/ASUS/AppData/Local/Programs/MiKTeX 2.9/fonts/type1/publ
ic/amsfonts/cm/cmex10.pfb><C:/Users/ASUS/AppData/Local/Programs/MiKTeX 2.9/font
s/type1/public/amsfonts/cm/cmmi12.pfb><C:/Users/ASUS/AppData/Local/Programs/MiK
TeX 2.9/fonts/type1/public/amsfonts/cm/cmr10.pfb><C:/Users/ASUS/AppData/Local/P
rograms/MiKTeX 2.9/fonts/type1/public/amsfonts/cm/cmr12.pfb><C:/Users/ASUS/AppD
ata/Local/Programs/MiKTeX 2.9/fonts/type1/public/amsfonts/cm/cmr17.pfb><C:/User
s/ASUS/AppData/Local/Programs/MiKTeX 2.9/fonts/type1/public/amsfonts/cm/cmsy10.
pfb>
Output written on jarnalpaper.pdf (20 pages, 111992 bytes).
PDF statistics:
 95 PDF objects out of 1000 (max. 8388607)
 0 named destinations out of 1000 (max. 500000)
 1 words of extra memory for PDF output out of 10000 (max. 10000000)

